Arguments: 
  C:\Program Files (x86)\nodejs\node.exe C:\Program Files (x86)\Yarn\bin\yarn.js

PATH: 
  C:\Program Files (x86)\Common Files\Oracle\Java\javapath;C:\Program Files (x86)\Microsoft SDKs\Azure\CLI2\wbin;C:\WINDOWS\system32;C:\WINDOWS;C:\WINDOWS\System32\Wbem;C:\WINDOWS\System32\WindowsPowerShell\v1.0\;C:\WINDOWS\System32\OpenSSH\;C:\Program Files\Microsoft\Web Platform Installer\;C:\Program Files\dotnet\;C:\Program Files\Microsoft SQL Server\130\Tools\Binn\;C:\Users\mharl\AppData\Local\atom\app-1.36.0;C:\Users\mharl\AppData\Local\atom\atom.exe;C:\Users\mharl\AppData\Local\GitHubDesktop\GitHubDesktop.exe;C:\Users\mharl\AppData\Local\GitHubDesktop\app-1.6.5;C:\Program Files\Git\cmd;C:\Program Files\PuTTY\;C:\Program Files\Microsoft SQL Server\Client SDK\ODBC\170\Tools\Binn\;C:\Program Files (x86)\Google\Cloud SDK\google-cloud-sdk\bin;C:\Program Files\Microsoft VS Code\bin;C:\Program Files (x86)\Yarn\bin\;C:\Users\mharl\AppData\Local\Microsoft\WindowsApps;C:\Program Files (x86)\nodejs;C:\Program Files (x86)\nodejs\node_modules\npm;C:\Program Files (x86)\nodejs\node_modules\npm\bin\node-gyp-bin;C:\Program Files (x86)\nodejs\node_modules\npm\scripts;C:\Users\mharl\AppData\Local\Programs\Microsoft VS Code\bin;C:\Users\mharl\.dotnet\tools;C:\Users\mharl\AppData\Local\GitHubDesktop\bin;C:\Users\mharl\AppData\Local\atom\bin;C:\Program Files\JetBrains\PhpStorm 2019.1.1\bin;C:\Program Files\JetBrains\IntelliJ IDEA 2019.1.1\bin;C:\Program Files\JetBrains\WebStorm 2019.1.1\bin;c:\Users\mharl\AppData\Local\atom\bin;C:\Users\mharl\AppData\Local\Yarn\bin

Yarn version: 
  1.16.0

Node version: 
  10.15.3

Platform: 
  win32 x64

Trace: 
  Error: EBUSY: resource busy or locked, unlink 'C:\Users\mharl\OneDrive\Documents\my-reason-react-app\node_modules\.lsp\debug.log'

npm manifest: 
  {
    "name": "todo-app",
    "version": "0.1.0",
    "scripts": {
      "build": "bsb -make-world && fpack build ./lib/js/src/index.bs.js --development",
      "start": "bsb -make-world -w",
      "clean": "bsb -clean-world",
      "test": "bsb -make-world && jest",
      "refmt": "bsrefmt --in-place src/*"
    },
    "keywords": [
      "BuckleScript",
      "Reason",
      "ReasonReact",
      "Github Learning Lab",
      "Learn You Some Reason"
    ],
    "license": "MIT",
    "devDependencies": {
      "bs-platform": "^5.0.0",
      "fastpack": "^0.8.4",
      "@glennsl/bs-jest": "^0.4.8"
    },
    "dependencies": {
      "reason-react": "^0.7.0"
    }
  }

yarn manifest: 
  No manifest

Lockfile: 
  # THIS IS AN AUTOGENERATED FILE. DO NOT EDIT THIS FILE DIRECTLY.
  # yarn lockfile v1
